Using pre-set license
Built from '2020.3/staging' branch; Version is '2020.3.8f1 (507919d4fff5) revision 5273881'; Using compiler version '192528614'; Build Type 'Release'
OS: 'Windows 10 Pro; OS build 19042.1052; Version 2009; 64bit' Language: 'ko' Physical Memory: 16233 MB
BatchMode: 1, IsHumanControllingUs: 0, StartBugReporterOnCrash: 0, Is64bit: 1, IsPro: 0

 COMMAND LINE ARGUMENTS:
F:\Unity\2020.3.8f1\Editor\Unity.exe
-adb2
-batchMode
-noUpm
-name
AssetImportWorker0
-projectPath
F:/engineProject
-logFile
Logs/AssetImportWorker0.log
-srvPort
64221
Successfully changed project path to: F:/engineProject
F:/engineProject
Using Asset Import Pipeline V2.
Refreshing native plugins compatible for Editor in 53.43 ms, found 1 plugins.
Preloading 0 native plugins for Editor in 0.00 ms.
Initialize engine version: 2020.3.8f1 (507919d4fff5)
[Subsystems] Discovering subsystems at path F:/Unity/2020.3.8f1/Editor/Data/Resources/UnitySubsystems
[Subsystems] Discovering subsystems at path F:/engineProject/Assets
GfxDevice: creating device client; threaded=0
Direct3D:
    Version:  Direct3D 11.0 [level 11.1]
    Renderer: NVIDIA GeForce RTX 2060 (ID=0x1f11)
    Vendor:   
    VRAM:     5980 MB
    Driver:   26.21.14.4193
Initialize mono
Mono path[0] = 'F:/Unity/2020.3.8f1/Editor/Data/Managed'
Mono path[1] = 'F:/Unity/2020.3.8f1/Editor/Data/MonoBleedingEdge/lib/mono/unityjit'
Mono config path = 'F:/Unity/2020.3.8f1/Editor/Data/MonoBleedingEdge/etc'
Using monoOptions --debugger-agent=transport=dt_socket,embedding=1,server=y,suspend=n,address=127.0.0.1:56140
Begin MonoManager ReloadAssembly
Registering precompiled unity dll's ...
Register platform support module: F:/Unity/2020.3.8f1/Editor/Data/PlaybackEngines/WindowsStandaloneSupport/UnityEditor.WindowsStandalone.Extensions.dll
Registered in 0.001342 seconds.
Native extension for WindowsStandalone target not found
Refreshing native plugins compatible for Editor in 52.71 ms, found 1 plugins.
Preloading 0 native plugins for Editor in 0.00 ms.
Mono: successfully reloaded assembly
- Completed reload, in  1.618 seconds
Platform modules already initialized, skipping
Registering precompiled user dll's ...
Registered in 0.001183 seconds.
Begin MonoManager ReloadAssembly
Native extension for WindowsStandalone target not found
Refreshing native plugins compatible for Editor in 52.28 ms, found 1 plugins.
Preloading 0 native plugins for Editor in 0.00 ms.
Mono: successfully reloaded assembly
- Completed reload, in  1.111 seconds
Platform modules already initialized, skipping
========================================================================
Worker process is ready to serve import requests
Launched and connected shader compiler UnityShaderCompiler.exe after 0.07 seconds
Refreshing native plugins compatible for Editor in 0.50 ms, found 1 plugins.
Preloading 0 native plugins for Editor in 0.00 ms.
Unloading 1834 Unused Serialized files (Serialized files now loaded: 0)
System memory in use before: 167.3 MB.
System memory in use after: 167.2 MB.

Unloading 23 unused Assets to reduce memory usage. Loaded Objects now: 2304.
Total: 2.571600 ms (FindLiveObjects: 0.197900 ms CreateObjectMapping: 0.067300 ms MarkObjects: 2.185400 ms  DeleteObjects: 0.119900 ms)

========================================================================
Received Import Request.
  path: Assets/Scripts/Music.cs
  artifactKey: Guid(3dbaac099de9ffe45a6080d16aa6c7f3) Importer(815301076,1909f56bfc062723c751e8b465ee728b)
Start importing Assets/Scripts/Music.cs using Guid(3dbaac099de9ffe45a6080d16aa6c7f3) Importer(815301076,1909f56bfc062723c751e8b465ee728b)  -> (artifact id: 'f3c1493ecf0f16115a45622a0ee74b32') in 0.042124 seconds
  Import took 0.111853 seconds .

========================================================================
Received Import Request.
  Time since last request: 0.000334 seconds.
  path: Assets/Scripts/SkeletonEnemy.cs
  artifactKey: Guid(94758714f96f93c4f9cc4f6d7ebf7007) Importer(815301076,1909f56bfc062723c751e8b465ee728b)
Start importing Assets/Scripts/SkeletonEnemy.cs using Guid(94758714f96f93c4f9cc4f6d7ebf7007) Importer(815301076,1909f56bfc062723c751e8b465ee728b)  -> (artifact id: '9fad15679a2fe05ec382865113b01cb8') in 0.001683 seconds
  Import took 0.049210 seconds .

========================================================================
Received Import Request.
  Time since last request: 0.000289 seconds.
  path: Assets/Scripts/Fire.cs
  artifactKey: Guid(0e796e66b713e8c42903b1279e15f1bf) Importer(815301076,1909f56bfc062723c751e8b465ee728b)
Start importing Assets/Scripts/Fire.cs using Guid(0e796e66b713e8c42903b1279e15f1bf) Importer(815301076,1909f56bfc062723c751e8b465ee728b)  -> (artifact id: '38a3bd0dbd379f47449be4bba5f61568') in 0.001988 seconds
  Import took 0.063426 seconds .

========================================================================
Received Import Request.
  Time since last request: 0.000214 seconds.
  path: Assets/Scripts/SceneChange.cs
  artifactKey: Guid(47c99805535507b499f545aacef257cc) Importer(815301076,1909f56bfc062723c751e8b465ee728b)
Start importing Assets/Scripts/SceneChange.cs using Guid(47c99805535507b499f545aacef257cc) Importer(815301076,1909f56bfc062723c751e8b465ee728b)  -> (artifact id: 'a4f08f11b48cc4d9fb8bab68fcb3e8bc') in 0.002585 seconds
  Import took 0.031639 seconds .

========================================================================
Received Import Request.
  Time since last request: 0.000219 seconds.
  path: Assets/Scripts/BAttack.cs
  artifactKey: Guid(66cc78c9f99d0c44e9595cf0fcb525c9) Importer(815301076,1909f56bfc062723c751e8b465ee728b)
Start importing Assets/Scripts/BAttack.cs using Guid(66cc78c9f99d0c44e9595cf0fcb525c9) Importer(815301076,1909f56bfc062723c751e8b465ee728b)  -> (artifact id: '25636b542b24ed51ebc063bd0a33fa7a') in 0.002356 seconds
  Import took 0.019739 seconds .

========================================================================
Received Import Request.
  Time since last request: 0.000262 seconds.
  path: Assets/Scripts/RoundPlatformer_Component.cs
  artifactKey: Guid(2646fc85ca378c441a0e7231c27300df) Importer(815301076,1909f56bfc062723c751e8b465ee728b)
Start importing Assets/Scripts/RoundPlatformer_Component.cs using Guid(2646fc85ca378c441a0e7231c27300df) Importer(815301076,1909f56bfc062723c751e8b465ee728b)  -> (artifact id: '6c3850ef85123d2bde60b2ac6fac2ed3') in 0.001812 seconds
  Import took 0.051381 seconds .

========================================================================
Received Import Request.
  Time since last request: 116.009158 seconds.
  path: Assets/Scripts/SkeletonEnemy.cs
  artifactKey: Guid(94758714f96f93c4f9cc4f6d7ebf7007) Importer(815301076,1909f56bfc062723c751e8b465ee728b)
Start importing Assets/Scripts/SkeletonEnemy.cs using Guid(94758714f96f93c4f9cc4f6d7ebf7007) Importer(815301076,1909f56bfc062723c751e8b465ee728b)  -> (artifact id: '3d3c5ce95e74a3cc591f377ba88c0c5e') in 0.003181 seconds
  Import took 0.022992 seconds .

========================================================================
Received Import Request.
  Time since last request: 103.540497 seconds.
  path: Assets/Scripts/SkeletonEnemy.cs
  artifactKey: Guid(94758714f96f93c4f9cc4f6d7ebf7007) Importer(815301076,1909f56bfc062723c751e8b465ee728b)
Start importing Assets/Scripts/SkeletonEnemy.cs using Guid(94758714f96f93c4f9cc4f6d7ebf7007) Importer(815301076,1909f56bfc062723c751e8b465ee728b)  -> (artifact id: '907b05bcb4e5bfc520cd075a945765f1') in 0.002014 seconds
  Import took 0.028079 seconds .

========================================================================
Received Prepare
Registering precompiled user dll's ...
Registered in 0.001923 seconds.
Begin MonoManager ReloadAssembly
Native extension for WindowsStandalone target not found
Refreshing native plugins compatible for Editor in 0.52 ms, found 1 plugins.
Preloading 0 native plugins for Editor in 0.00 ms.
Mono: successfully reloaded assembly
- Completed reload, in  1.088 seconds
Platform modules already initialized, skipping
Refreshing native plugins compatible for Editor in 0.49 ms, found 1 plugins.
Preloading 0 native plugins for Editor in 0.00 ms.
Unloading 1829 Unused Serialized files (Serialized files now loaded: 0)
System memory in use before: 167.2 MB.
System memory in use after: 167.2 MB.

Unloading 12 unused Assets to reduce memory usage. Loaded Objects now: 2308.
Total: 2.319300 ms (FindLiveObjects: 0.200100 ms CreateObjectMapping: 0.064400 ms MarkObjects: 1.945900 ms  DeleteObjects: 0.107800 ms)

========================================================================
Received Prepare
Registering precompiled user dll's ...
Registered in 0.001239 seconds.
Begin MonoManager ReloadAssembly
Native extension for WindowsStandalone target not found
Refreshing native plugins compatible for Editor in 0.53 ms, found 1 plugins.
Preloading 0 native plugins for Editor in 0.00 ms.
Mono: successfully reloaded assembly
- Completed reload, in  1.053 seconds
Platform modules already initialized, skipping
Refreshing native plugins compatible for Editor in 0.48 ms, found 1 plugins.
Preloading 0 native plugins for Editor in 0.00 ms.
Unloading 1829 Unused Serialized files (Serialized files now loaded: 0)
System memory in use before: 167.3 MB.
System memory in use after: 167.3 MB.

Unloading 12 unused Assets to reduce memory usage. Loaded Objects now: 2312.
Total: 2.269100 ms (FindLiveObjects: 0.195400 ms CreateObjectMapping: 0.064100 ms MarkObjects: 1.901200 ms  DeleteObjects: 0.107400 ms)

========================================================================
Received Prepare
Registering precompiled user dll's ...
Registered in 0.001386 seconds.
Begin MonoManager ReloadAssembly
Native extension for WindowsStandalone target not found
Refreshing native plugins compatible for Editor in 0.51 ms, found 1 plugins.
Preloading 0 native plugins for Editor in 0.00 ms.
Mono: successfully reloaded assembly
- Completed reload, in  1.059 seconds
Platform modules already initialized, skipping
Refreshing native plugins compatible for Editor in 0.50 ms, found 1 plugins.
Preloading 0 native plugins for Editor in 0.00 ms.
Unloading 1829 Unused Serialized files (Serialized files now loaded: 0)
System memory in use before: 167.3 MB.
System memory in use after: 167.3 MB.

Unloading 12 unused Assets to reduce memory usage. Loaded Objects now: 2316.
Total: 2.319000 ms (FindLiveObjects: 0.200800 ms CreateObjectMapping: 0.068000 ms MarkObjects: 1.939800 ms  DeleteObjects: 0.109600 ms)

AssetImportWorkerClient::OnTransportError - code=2 error=End of file
